2020-09-08 17:44:43.744216|27.1|27.2|944.5
2020-09-08 17:44:48.872102|27.1|27.5|944.5
2020-09-08 17:46:01.889975|27.0|26.9|944.5
2020-09-08 17:46:07.018863|27.0|26.7|944.5
2020-09-08 17:46:12.148838|27.0|26.8|944.5
2020-09-08 17:46:29.622368|27.0|26.9|944.5
2020-09-08 17:46:34.752142|27.0|26.8|944.5
2020-09-08 17:46:39.880892|27.0|26.6|944.5
2020-09-08 17:46:45.008383|27.0|26.7|944.4
2020-09-08 17:46:50.145656|27.0|26.8|944.5
2020-09-08 17:46:55.278817|27.0|26.5|944.5
2020-09-08 17:47:00.411959|27.0|26.8|944.5
2020-09-08 17:47:05.540800|27.0|26.8|944.5
2020-09-08 17:47:10.669582|27.0|27.0|944.5
2020-09-08 17:47:15.798858|27.0|27.0|944.5
2020-09-08 17:47:20.933259|27.0|26.5|944.5
2020-09-08 17:47:26.064905|27.0|26.9|944.5
2020-09-08 17:47:31.198591|27.0|26.9|944.5
2020-09-08 17:47:36.328811|27.0|26.9|944.5
2020-09-08 17:47:41.457599|27.0|28.1|944.5
2020-09-08 17:47:46.592238|27.0|27.6|944.5
2020-09-08 17:47:51.721433|27.0|27.8|944.5
2020-09-08 17:47:56.854732|27.0|28.1|944.5
2020-09-08 17:48:01.987785|27.0|28.1|944.4
2020-09-08 17:48:07.120399|27.0|27.8|944.5
2020-09-08 17:48:12.248832|27.0|27.5|944.5
2020-09-08 17:48:17.379377|27.0|27.5|944.5
2020-09-08 17:48:22.511861|27.0|27.5|944.5
2020-09-08 17:48:27.640958|27.0|27.5|944.5
2020-09-08 17:48:32.770466|27.0|27.6|944.4
2020-09-08 17:48:37.899425|27.0|27.5|944.5
2020-09-08 17:48:43.032776|27.0|27.4|944.5
2020-09-08 17:48:48.167892|26.9|27.4|944.5
2020-09-08 17:48:53.300164|26.9|27.7|944.5
2020-09-08 17:48:58.428892|27.0|27.8|944.5
2020-09-08 17:49:03.560789|26.9|27.6|944.5
2020-09-08 17:49:08.690432|26.9|27.8|944.5
2020-09-08 17:49:13.819191|26.9|27.3|944.5
2020-09-08 17:49:18.948862|26.9|27.4|944.5
2020-09-08 17:49:24.082075|26.9|27.3|944.5
2020-09-08 17:49:29.214554|26.9|27.1|944.5
2020-09-08 17:49:34.347337|26.9|27.0|944.5
2020-09-08 17:49:39.476192|26.9|26.8|944.5
2020-09-08 17:49:44.605098|26.9|27.2|944.5
2020-09-08 17:49:49.734654|26.9|27.8|944.5
2020-09-08 17:49:54.863699|26.9|27.5|944.5
2020-09-08 17:49:59.994934|26.9|27.3|944.5
2020-09-08 17:50:05.127542|26.9|26.9|944.5
2020-09-08 17:50:10.260962|26.9|26.7|944.5
2020-09-08 17:50:15.389623|26.9|26.9|944.5
2020-09-08 17:50:20.518878|26.9|26.9|944.5
2020-09-08 17:50:25.651567|26.9|26.6|944.4
2020-09-08 17:50:30.780937|26.9|26.5|944.4
2020-09-08 17:50:35.909532|26.9|26.6|944.5
2020-09-08 17:50:41.045621|26.9|26.8|944.4
2020-09-08 17:50:46.177758|26.9|26.7|944.5
2020-09-08 17:50:51.307997|26.9|26.8|944.5
2020-09-08 17:50:56.438928|26.9|27.0|944.5
2020-09-08 17:51:01.567195|26.9|26.8|944.5
2020-09-08 17:51:06.696538|26.9|26.6|944.4
2020-09-08 17:51:11.825640|26.9|26.9|944.5
2020-09-08 17:51:16.954717|26.9|26.9|944.4
2020-09-08 17:51:22.092319|26.9|26.9|944.5
2020-09-08 17:51:27.226011|26.9|27.1|944.5
2020-09-08 17:51:32.355156|26.9|27.1|944.5
2020-09-08 17:51:37.484643|26.9|27.1|944.5
2020-09-08 17:51:42.614166|26.9|27.4|944.5
2020-09-08 17:51:47.742948|26.9|27.3|944.5
2020-09-08 17:51:52.871880|26.9|28.2|944.5
2020-09-08 17:51:58.005923|26.9|28.8|944.5
2020-09-08 17:52:03.138846|26.9|27.9|944.5
2020-09-08 17:52:08.268810|26.9|27.7|944.5
2020-09-08 17:52:13.397740|26.9|27.7|944.5
2020-09-08 17:52:18.530153|26.9|27.9|944.5
2020-09-08 17:52:23.658937|26.9|28.1|944.5
2020-09-08 17:52:28.791096|26.9|28.2|944.5
2020-09-08 17:52:33.920169|26.9|27.8|944.5
2020-09-08 17:52:39.053544|26.9|27.7|944.4
2020-09-08 17:52:44.186273|26.9|27.8|944.5
2020-09-08 17:52:49.318865|26.9|27.6|944.4
2020-09-08 17:52:54.450953|26.9|27.7|944.5
2020-09-08 17:52:59.586754|26.9|27.7|944.4
2020-09-08 17:53:04.718591|26.9|27.8|944.5
2020-09-08 17:53:09.851534|26.9|27.7|944.5
2020-09-08 17:53:14.988403|26.9|27.8|944.5
2020-09-08 17:53:20.125182|26.9|27.6|944.5
2020-09-08 17:53:25.262094|26.9|27.6|944.5
2020-09-08 17:53:30.390754|26.9|27.5|944.5
2020-09-08 17:53:35.519674|26.9|27.5|944.5
2020-09-08 17:53:40.645475|26.9|27.9|944.5
2020-09-08 17:53:45.774537|26.9|27.9|944.5
2020-09-08 17:53:50.903069|26.9|27.7|944.5
2020-09-08 17:53:56.037238|26.9|27.6|944.5
2020-09-08 17:54:01.168864|26.9|27.8|944.5
2020-09-08 17:54:06.301903|26.9|27.6|944.4
2020-09-08 17:54:11.431265|26.9|27.5|944.4
2020-09-08 17:54:16.560838|26.9|27.5|944.5
2020-09-08 17:54:21.690316|26.9|27.9|944.5
2020-09-08 17:54:26.819612|26.8|27.7|944.5
2020-09-08 17:54:31.945484|26.8|27.6|944.5
2020-09-08 17:54:37.077634|26.9|27.7|944.5
2020-09-08 17:54:42.208870|26.8|27.5|944.5
2020-09-08 17:54:47.338817|26.8|27.6|944.5
2020-09-08 17:54:52.461421|26.8|27.6|944.5
2020-09-08 17:54:57.590673|26.9|27.8|944.5
2020-09-08 17:55:02.719294|26.9|28.0|944.5
2020-09-08 17:55:07.848429|26.9|28.0|944.4
2020-09-08 17:55:12.978225|26.9|27.5|944.4
2020-09-08 17:55:18.110387|26.9|27.7|944.4
2020-09-08 17:55:23.243240|26.9|27.6|944.5
2020-09-08 17:55:28.373365|26.9|27.8|944.5
2020-09-08 17:55:33.502418|26.9|28.0|944.5
2020-09-08 17:55:38.635083|26.9|27.9|944.5
2020-09-08 17:55:43.767600|26.9|27.8|944.5
2020-09-08 17:55:48.896626|26.8|28.2|944.5
2020-09-08 17:55:54.034233|26.9|27.8|944.5
2020-09-08 17:55:59.168552|26.9|27.8|944.4
2020-09-08 17:56:04.296117|26.9|27.9|944.5
2020-09-08 17:56:09.425204|26.9|27.7|944.5
2020-09-08 17:56:14.554629|26.9|28.4|944.4
2020-09-08 17:56:19.683794|26.8|28.6|944.5
2020-09-08 17:56:24.812101|26.8|28.2|944.5
2020-09-08 17:56:29.941653|26.9|27.8|944.5
2020-09-08 17:56:35.080764|26.9|27.9|944.5
2020-09-08 17:56:40.208832|26.9|27.7|944.5
2020-09-08 17:56:45.338077|26.8|28.2|944.4
2020-09-08 17:56:50.465290|26.8|28.1|944.5
2020-09-08 17:56:55.597330|26.8|27.8|944.4
2020-09-08 17:57:00.726388|26.8|27.7|944.5
2020-09-08 17:57:05.855395|26.8|27.7|944.5
2020-09-08 17:57:10.986146|26.8|27.9|944.4
2020-09-08 17:57:16.120549|26.8|27.7|944.5
2020-09-08 17:57:21.248878|26.8|27.8|944.5
2020-09-08 17:57:26.378931|26.8|27.8|944.5
2020-09-08 17:57:31.507900|26.8|27.6|944.5
2020-09-08 17:57:36.636569|26.8|28.1|944.5
2020-09-08 17:57:41.764667|26.8|27.5|944.5
2020-09-08 17:57:46.893838|26.8|27.8|944.5
2020-09-08 17:57:52.032969|26.8|27.9|944.5
2020-09-08 17:57:57.167317|26.8|27.7|944.5
2020-09-08 17:58:02.300363|26.8|27.8|944.5
2020-09-08 17:58:07.428848|26.8|28.6|944.5
2020-09-08 17:58:12.560508|26.8|28.2|944.5
2020-09-08 17:58:17.689586|26.8|28.0|944.5
2020-09-08 17:58:22.818060|26.8|27.6|944.5
2020-09-08 17:58:27.947578|26.8|27.8|944.4
2020-09-08 17:58:33.072083|26.8|27.7|944.4
2020-09-08 17:58:38.198905|26.8|27.7|944.5
2020-09-08 17:58:43.328817|26.8|27.7|944.5
2020-09-08 17:58:48.458051|26.7|27.6|944.5
2020-09-08 17:58:53.587061|26.7|27.9|944.5
2020-09-08 17:58:58.714002|26.7|27.7|944.5
2020-09-08 17:59:03.845990|26.7|27.8|944.5
2020-09-08 17:59:08.974763|26.7|28.0|944.5
2020-09-08 17:59:14.105220|26.8|28.5|944.5
2020-09-08 17:59:19.237427|26.8|28.3|944.5
2020-09-08 17:59:24.366737|26.8|28.7|944.5
2020-09-08 17:59:29.495401|26.8|28.5|944.5
2020-09-08 17:59:34.624842|26.8|28.4|944.5
2020-09-08 17:59:39.754356|26.8|28.5|944.5
2020-09-08 17:59:44.882690|26.7|28.4|944.4
2020-09-08 17:59:50.012897|26.8|28.4|944.5
2020-09-08 17:59:55.146505|26.7|28.4|944.4
2020-09-08 18:00:00.276043|26.7|28.2|944.5
2020-09-08 18:00:05.405194|26.7|28.3|944.5
2020-09-08 18:00:10.534079|26.7|28.1|944.4
2020-09-08 18:00:15.666645|26.7|28.4|944.5
2020-09-08 18:00:20.797787|26.7|28.2|944.5
2020-09-08 18:00:25.926607|26.7|28.0|944.4
2020-09-08 18:00:31.059742|26.7|28.0|944.5
2020-09-08 18:00:36.198901|26.7|28.4|944.5
2020-09-08 18:00:41.324670|26.7|28.6|944.4
2020-09-08 18:00:46.454041|26.7|28.6|944.5
2020-09-08 18:00:51.583770|26.7|28.4|944.5
2020-09-08 18:00:56.711217|26.7|28.4|944.4
2020-09-08 18:01:01.845567|26.7|28.2|944.5
2020-09-08 18:01:06.978588|26.7|28.1|944.5
2020-09-08 18:01:12.112468|26.7|28.3|944.5
2020-09-08 18:01:17.246508|26.7|28.4|944.5
2020-09-08 18:01:22.375283|26.7|28.3|944.5
2020-09-08 18:01:27.504426|26.7|28.5|944.4
2020-09-08 18:01:32.633625|26.7|28.5|944.5
2020-09-08 18:01:37.762576|26.7|28.4|944.5
2020-09-08 18:01:42.892037|26.7|28.4|944.5
2020-09-08 18:01:48.025244|26.7|28.4|944.5
2020-09-08 18:01:53.158871|26.7|28.5|944.5
2020-09-08 18:01:58.288820|26.7|28.5|944.5
2020-09-08 18:02:03.417679|26.7|28.4|944.5
2020-09-08 18:02:08.551508|26.7|28.7|944.5
2020-09-08 18:02:13.683616|26.7|28.4|944.5
2020-09-08 18:02:18.816968|26.7|28.6|944.5
2020-09-08 18:02:23.947792|26.7|28.4|944.5
2020-09-08 18:02:29.079998|26.7|28.8|944.5
2020-09-08 18:02:34.215837|26.7|28.6|944.4
2020-09-08 18:02:39.346091|26.7|28.5|944.5
2020-09-08 18:02:44.474788|26.7|28.8|944.5
2020-09-08 18:02:49.603384|26.7|28.7|944.5
2020-09-08 18:02:54.732646|26.7|28.6|944.5
2020-09-08 18:02:59.861875|26.7|28.8|944.5
2020-09-08 18:03:04.991933|26.7|28.8|944.5
2020-09-08 18:03:10.124427|26.7|28.8|944.5
2020-09-08 18:03:15.259299|26.7|28.8|944.5
2020-09-08 18:03:20.388679|26.7|28.8|944.5
2020-09-08 18:03:25.517372|26.7|28.7|944.5
2020-09-08 18:03:30.646543|26.7|28.9|944.5
2020-09-08 18:03:35.775451|26.7|28.8|944.5
2020-09-08 18:03:40.904529|26.7|28.8|944.5
2020-09-08 18:03:46.038434|26.7|28.7|944.5
2020-09-08 18:03:51.168867|26.7|28.5|944.5
2020-09-08 18:03:56.302876|26.7|28.8|944.5
2020-09-08 18:04:01.431753|26.7|28.7|944.5
2020-09-08 18:04:06.565959|26.7|28.7|944.5
2020-09-08 18:04:11.695322|26.6|29.0|944.5
2020-09-08 18:04:16.824185|26.6|28.7|944.5
2020-09-08 18:04:21.954464|26.6|28.8|944.5
2020-09-08 18:04:27.091353|26.6|29.0|944.5
2020-09-08 18:04:32.228881|26.6|29.1|944.5
2020-09-08 18:04:37.361940|26.6|29.3|944.5
2020-09-08 18:04:42.493854|26.6|28.7|944.5
2020-09-08 18:04:47.624668|26.6|28.7|944.5
2020-09-08 18:04:52.754136|26.6|28.9|944.5
2020-09-08 18:04:57.878832|26.6|28.9|944.5
2020-09-08 18:05:03.011536|26.6|28.6|944.5
2020-09-08 18:05:08.145556|26.6|29.1|944.5
2020-09-08 18:05:13.283164|26.6|29.0|944.5
2020-09-08 18:05:18.413565|26.6|29.1|944.5
2020-09-08 18:05:23.542850|26.6|28.9|944.5
2020-09-08 18:05:28.672664|26.6|29.0|944.5
2020-09-08 18:05:33.801547|26.6|28.9|944.5
2020-09-08 18:05:38.934083|26.6|28.8|944.5
2020-09-08 18:05:44.069396|26.6|29.1|944.5
2020-09-08 18:05:49.207412|26.6|29.0|944.5
2020-09-08 18:05:54.339392|26.6|28.9|944.5
2020-09-08 18:05:59.469632|26.6|28.8|944.5
2020-09-08 18:06:04.598487|26.6|28.9|944.5
2020-09-08 18:06:09.731102|26.6|28.9|944.5
2020-09-08 18:06:14.864333|26.6|29.0|944.5
2020-09-08 18:06:19.996637|26.6|29.0|944.5
2020-09-08 18:06:25.128872|26.6|28.9|944.5
2020-09-08 18:06:30.264267|26.6|28.7|944.5
2020-09-08 18:06:35.396621|26.6|29.1|944.5
2020-09-08 18:06:40.525634|26.6|28.8|944.5
2020-09-08 18:06:45.658330|26.6|28.9|944.5
2020-09-08 18:06:50.786848|26.6|29.4|944.5
2020-09-08 18:06:55.915581|26.6|29.4|944.5
2020-09-08 18:07:01.051339|26.6|29.2|944.5
2020-09-08 18:07:06.188083|26.6|29.1|944.5
2020-09-08 18:07:11.319103|26.6|29.1|944.5
2020-09-08 18:07:16.453671|26.6|29.1|944.5
2020-09-08 18:07:21.588050|26.6|28.8|944.5
2020-09-08 18:07:26.720644|26.6|29.2|944.5
2020-09-08 18:07:31.853331|26.6|28.9|944.5
2020-09-08 18:07:36.985807|26.6|29.1|944.5
2020-09-08 18:07:42.119664|26.6|29.2|944.5
2020-09-08 18:07:47.257357|26.6|29.0|944.5
2020-09-08 18:07:52.386178|26.6|29.0|944.5
2020-09-08 18:07:57.514842|26.6|29.0|944.5
2020-09-08 18:08:02.649236|26.6|28.6|944.5
2020-09-08 18:08:07.781186|26.6|28.7|944.5
2020-09-08 18:08:12.912842|26.6|28.9|944.5
2020-09-08 18:08:18.048569|26.6|28.9|944.6
2020-09-08 18:08:23.178858|26.6|29.2|944.5
2020-09-08 18:08:28.308871|26.6|28.8|944.5
2020-09-08 18:08:33.441929|26.6|28.9|944.5
2020-09-08 18:08:38.570879|26.6|28.8|944.5
2020-09-08 18:08:43.698862|26.6|28.6|944.5
2020-09-08 18:08:48.831235|26.6|28.8|944.5
2020-09-08 18:08:53.961996|26.6|28.6|944.5
2020-09-08 18:08:59.097832|26.6|28.7|944.5
2020-09-08 18:09:04.236508|26.5|28.8|944.5
2020-09-08 18:09:09.365249|26.6|28.7|944.6
2020-09-08 18:09:14.497141|26.6|28.8|944.5
2020-09-08 18:09:19.629089|26.6|28.7|944.5
2020-09-08 18:09:24.758812|26.5|28.7|944.5
2020-09-08 18:09:29.890478|26.6|28.8|944.5
2020-09-08 18:09:35.025589|26.6|28.7|944.5
2020-09-08 18:09:40.158861|26.5|29.0|944.6
2020-09-08 18:09:45.288459|26.6|28.8|944.5
2020-09-08 18:09:50.417125|26.6|29.1|944.5
2020-09-08 18:09:55.550774|26.6|29.8|944.6
2020-09-08 18:10:00.683121|26.6|29.2|944.5
2020-09-08 18:10:05.817344|26.6|28.9|944.5
2020-09-08 18:10:10.948900|26.5|29.0|944.6
2020-09-08 18:10:16.084380|26.6|28.8|944.6
2020-09-08 18:10:21.218848|26.6|28.9|944.5
2020-09-08 18:10:26.347054|26.6|28.9|944.6
2020-09-08 18:10:31.475863|26.6|28.9|944.5
2020-09-08 18:10:36.604985|26.6|28.9|944.6
2020-09-08 18:10:41.736817|26.5|29.3|944.5
2020-09-08 18:10:46.868960|26.6|29.1|944.5
2020-09-08 18:10:51.998686|26.5|28.9|944.5
2020-09-08 18:10:57.134596|26.6|28.8|944.5
2020-09-08 18:11:02.266971|26.5|28.8|944.5
2020-09-08 18:11:07.395968|26.5|29.0|944.6
2020-09-08 18:11:12.524680|26.5|29.3|944.5
2020-09-08 18:11:17.653377|26.5|28.7|944.5
2020-09-08 18:11:22.782004|26.5|28.8|944.5
2020-09-08 18:11:27.912399|26.5|29.1|944.5
2020-09-08 18:11:33.046341|26.5|29.5|944.5
2020-09-08 18:11:38.168920|26.5|29.2|944.5
2020-09-08 18:11:43.301940|26.5|29.1|944.5
2020-09-08 18:11:48.430670|26.5|28.5|944.5
2020-09-08 18:11:53.567342|26.5|28.5|944.5
2020-09-08 18:11:58.701378|26.5|28.3|944.5
2020-09-08 18:12:03.830084|26.5|28.1|944.6
2020-09-08 18:12:08.962198|26.5|28.1|944.5
2020-09-08 18:12:14.095011|26.5|28.2|944.5
2020-09-08 18:12:19.228895|26.5|27.7|944.5
2020-09-08 18:12:24.359214|26.5|27.5|944.6
2020-09-08 18:12:29.493472|26.5|27.6|944.5
2020-09-08 18:12:34.625467|26.5|28.0|944.5
2020-09-08 18:12:39.754174|26.5|28.0|944.5
2020-09-08 18:12:44.883650|26.5|27.9|944.5
2020-09-08 18:12:50.016364|26.5|27.7|944.5
2020-09-08 18:12:55.148844|26.5|27.7|944.5
2020-09-08 18:13:00.281508|26.5|27.7|944.5
2020-09-08 18:13:05.412363|26.5|27.6|944.5
2020-09-08 18:13:10.541356|26.5|27.7|944.5
2020-09-08 18:13:15.669959|26.5|27.8|944.5
2020-09-08 18:13:20.798656|26.5|27.6|944.5
2020-09-08 18:13:25.927192|26.5|27.6|944.5
2020-09-08 18:13:31.061586|26.5|27.7|944.5
2020-09-08 18:13:36.196221|26.5|27.6|944.5
2020-09-08 18:13:41.323775|26.5|27.6|944.5
2020-09-08 18:13:46.452589|26.5|27.4|944.5
2020-09-08 18:13:51.581784|26.5|27.6|944.5
2020-09-08 18:13:56.710571|26.5|27.7|944.5
2020-09-08 18:14:01.838804|26.5|27.3|944.5
2020-09-08 18:14:06.967696|26.5|27.4|944.5
2020-09-08 18:14:12.100288|26.5|27.3|944.5
2020-09-08 18:14:17.234270|26.5|27.2|944.5
2020-09-08 18:14:22.366584|26.5|27.2|944.5
2020-09-08 18:14:27.495415|26.5|27.1|944.5
2020-09-08 18:14:32.624234|26.5|27.3|944.5
2020-09-08 18:14:37.753143|26.5|27.2|944.5
2020-09-08 18:14:42.882289|26.5|27.1|944.5
2020-09-08 18:14:48.015544|26.5|27.1|944.5
2020-09-08 18:14:53.148901|26.5|26.8|944.5
2020-09-08 18:14:58.285444|26.5|27.1|944.5
2020-09-08 18:15:03.413996|26.5|27.3|944.5
2020-09-08 18:15:08.549933|26.5|27.2|944.5
2020-09-08 18:15:13.683460|26.5|27.1|944.5
2020-09-08 18:15:18.812205|26.5|27.3|944.5
2020-09-08 18:15:23.939018|26.5|27.6|944.5
2020-09-08 18:15:29.075035|26.5|27.5|944.5
2020-09-08 18:15:34.210741|26.5|27.5|944.5
2020-09-08 18:15:39.338820|26.5|27.1|944.5
2020-09-08 18:15:44.468096|26.5|27.1|944.5
2020-09-08 18:15:49.598869|26.5|27.1|944.5
2020-09-08 18:15:54.731620|26.5|27.0|944.5
2020-09-08 18:15:59.860620|26.5|26.9|944.5
2020-09-08 18:16:04.990729|26.5|27.2|944.5
2020-09-08 18:16:10.123203|26.5|27.4|944.5
2020-09-08 18:16:15.258718|26.5|27.4|944.5
2020-09-08 18:16:20.387213|26.5|27.5|944.5
2020-09-08 18:16:25.515982|26.5|27.3|944.5
2020-09-08 18:16:30.644800|26.5|27.3|944.5
2020-09-08 18:16:35.775039|26.5|27.6|944.5
2020-09-08 18:16:40.898809|26.5|27.5|944.5
2020-09-08 18:16:46.036139|26.5|27.3|944.5
2020-09-08 18:16:51.168963|26.5|27.3|944.5
2020-09-08 18:16:56.299892|26.5|27.3|944.5
2020-09-08 18:17:01.428570|26.5|27.3|944.5
2020-09-08 18:17:06.557813|26.5|27.0|944.5
2020-09-08 18:17:11.686478|26.5|27.5|944.5
2020-09-08 18:17:16.812835|26.5|27.6|944.5
2020-09-08 18:17:21.946599|26.5|27.6|944.5
2020-09-08 18:17:27.078952|26.5|27.7|944.5
2020-09-08 18:17:32.207718|26.5|27.5|944.5
2020-09-08 18:17:37.338812|26.5|27.4|944.5
2020-09-08 18:17:42.465061|26.5|27.5|944.5
2020-09-08 18:17:47.593837|26.5|27.6|944.5
2020-09-08 18:17:52.722868|26.5|27.7|944.5
2020-09-08 18:17:57.852823|26.5|27.5|944.5
2020-09-08 18:18:02.985835|26.4|27.3|944.5
2020-09-08 18:18:08.119285|26.4|27.7|944.5
2020-09-08 18:18:13.255284|26.4|27.3|944.5
2020-09-08 18:18:18.383905|26.4|27.8|944.5
2020-09-08 18:18:23.519795|26.4|27.4|944.5
2020-09-08 18:18:28.646683|26.4|27.9|944.5
2020-09-08 18:18:33.775227|26.4|28.7|944.5
2020-09-08 18:18:38.904015|26.4|28.3|944.5
2020-09-08 18:18:44.036707|26.4|28.0|944.5
2020-09-08 18:18:49.163137|26.4|27.7|944.5
2020-09-08 18:18:54.288816|26.4|27.8|944.5
2020-09-08 18:18:59.417499|26.4|27.5|944.5
2020-09-08 18:19:04.544474|26.4|27.6|944.5
2020-09-08 18:19:09.677058|26.4|27.5|944.5
2020-09-08 18:19:14.809992|26.4|27.2|944.5
2020-09-08 18:19:19.938563|26.4|27.5|944.5
2020-09-08 18:19:25.068821|26.4|27.4|944.5
2020-09-08 18:19:30.200691|26.4|27.5|944.5
2020-09-08 18:19:35.328820|26.4|27.6|944.4
2020-09-08 18:19:40.458549|26.4|27.7|944.5
2020-09-08 18:19:45.587132|26.4|27.4|944.5
2020-09-08 18:19:50.715758|26.4|27.4|944.5
2020-09-08 18:19:55.844980|26.4|27.7|944.5
2020-09-08 18:20:00.978567|26.4|27.7|944.5
2020-09-08 18:20:06.108804|26.4|27.4|944.5
2020-09-08 18:20:11.236339|26.4|27.5|944.5
2020-09-08 18:20:16.358823|26.4|27.5|944.5
2020-09-08 18:20:21.489719|26.4|27.7|944.5
2020-09-08 18:20:26.616827|26.4|27.5|944.5
2020-09-08 18:20:31.749437|26.4|27.4|944.5
2020-09-08 18:20:36.878067|26.4|27.8|944.5
2020-09-08 18:20:42.010460|26.4|27.5|944.5
2020-09-08 18:20:47.147801|26.4|27.6|944.5
2020-09-08 18:20:52.271125|26.4|27.3|944.5
2020-09-08 18:20:57.397408|26.4|27.3|944.5
2020-09-08 18:21:02.524727|26.4|27.5|944.5
2020-09-08 18:21:07.648835|26.4|27.4|944.5
2020-09-08 18:21:12.780858|26.4|27.5|944.5
2020-09-08 18:21:17.913185|26.4|27.4|944.5
2020-09-08 18:21:23.045975|26.4|27.2|944.5
2020-09-08 18:21:28.179401|26.4|27.3|944.5
2020-09-08 18:21:33.309895|26.4|27.4|944.5
2020-09-08 18:21:38.438819|26.4|27.5|944.4
2020-09-08 18:21:43.571138|26.4|27.4|944.5
2020-09-08 18:21:48.704940|26.4|27.2|944.5
2020-09-08 18:21:53.833885|26.4|27.2|944.5
2020-09-08 18:21:58.966557|26.4|27.1|944.5
2020-09-08 18:22:04.098181|26.4|27.0|944.5
2020-09-08 18:22:09.228916|26.4|27.1|944.4
2020-09-08 18:22:14.359728|26.4|27.2|944.5
2020-09-08 18:22:19.494932|26.4|27.1|944.5
2020-09-08 18:22:24.624323|26.4|26.9|944.4
2020-09-08 18:22:29.753489|26.4|27.0|944.5
2020-09-08 18:22:34.881992|26.4|27.0|944.5
2020-09-08 18:22:40.012905|26.4|27.1|944.4
2020-09-08 18:22:45.145646|26.4|27.2|944.4
2020-09-08 18:22:50.277260|26.4|27.2|944.5
2020-09-08 18:22:55.406272|26.4|27.3|944.4
2020-09-08 18:23:00.534861|26.4|27.0|944.4
2020-09-08 18:23:05.663338|26.4|27.1|944.5
2020-09-08 18:23:10.792041|26.4|27.0|944.5
2020-09-08 18:23:15.920878|26.4|27.1|944.4
2020-09-08 18:23:21.052533|26.4|27.0|944.4
2020-09-08 18:23:26.186019|26.4|26.9|944.4
2020-09-08 18:23:31.316423|26.4|26.9|944.5
2020-09-08 18:23:36.445890|26.4|27.0|944.5
2020-09-08 18:23:41.574854|26.4|27.0|944.4
2020-09-08 18:23:46.703729|26.4|26.8|944.4
2020-09-08 18:23:51.835975|26.4|27.3|944.4
2020-09-08 18:23:56.966671|26.4|27.3|944.5
2020-09-08 18:24:02.104110|26.4|27.4|944.5
2020-09-08 18:24:07.238578|26.4|27.4|944.4
2020-09-08 18:24:12.366209|26.4|26.9|944.5
2020-09-08 18:24:17.498419|26.4|27.3|944.5
2020-09-08 18:24:22.631677|26.4|27.3|944.5
2020-09-08 18:24:27.760324|26.4|27.1|944.5
2020-09-08 18:24:32.893192|26.4|27.1|944.5
2020-09-08 18:24:38.027815|26.4|27.2|944.5
2020-09-08 18:24:43.158931|26.4|27.0|944.5
2020-09-08 18:24:48.289546|26.4|27.5|944.4
2020-09-08 18:24:53.418645|26.4|27.3|944.4
2020-09-08 18:24:58.547291|26.4|27.3|944.4
2020-09-08 18:25:03.676095|26.4|27.3|944.4
2020-09-08 18:25:08.804987|26.4|27.5|944.5
2020-09-08 18:25:13.937023|26.4|27.3|944.4
2020-09-08 18:25:19.069968|26.4|26.9|944.5
2020-09-08 18:25:24.206607|26.4|27.1|944.4
2020-09-08 18:25:29.339379|26.4|27.1|944.5
2020-09-08 18:25:34.471321|26.4|27.2|944.5
2020-09-08 18:25:39.605003|26.4|27.1|944.5
2020-09-08 18:25:44.739272|26.4|27.2|944.5
2020-09-08 18:25:49.872022|26.4|27.9|944.4
2020-09-08 18:25:55.001947|26.4|27.7|944.5
2020-09-08 18:26:00.135833|26.4|27.3|944.5
2020-09-08 18:26:05.266601|26.4|27.2|944.5
2020-09-08 18:26:10.398154|26.4|27.1|944.4
2020-09-08 18:26:15.526987|26.4|27.3|944.4
2020-09-08 18:26:20.659390|26.4|27.4|944.4
2020-09-08 18:26:25.788097|26.4|27.2|944.4
2020-09-08 18:26:30.916676|26.4|27.3|944.4
2020-09-08 18:26:36.049760|26.4|27.3|944.4
2020-09-08 18:26:41.184140|26.4|27.7|944.5
2020-09-08 18:26:46.315684|26.4|27.6|944.4
2020-09-08 18:26:51.444450|26.4|27.7|944.4
2020-09-08 18:26:56.568861|26.4|27.8|944.4
2020-09-08 18:27:01.698818|26.4|27.5|944.5
2020-09-08 18:27:06.827310|26.4|27.7|944.4
2020-09-08 18:27:11.958965|26.4|27.5|944.4
2020-09-08 18:27:17.093577|26.4|28.4|944.4
2020-09-08 18:27:22.226508|26.4|28.0|944.4
2020-09-08 18:27:27.359574|26.4|28.0|944.4
2020-09-08 18:27:32.491368|26.4|27.6|944.5
2020-09-08 18:27:37.620436|26.4|27.4|944.5
2020-09-08 18:27:42.748851|26.4|27.3|944.5
2020-09-08 18:27:47.881863|26.4|27.4|944.4
2020-09-08 18:27:53.016573|26.4|27.2|944.4
2020-09-08 18:27:58.148907|26.4|27.2|944.4
2020-09-08 18:28:03.279854|26.4|27.2|944.5
2020-09-08 18:28:08.408403|26.4|27.1|944.4
2020-09-08 18:28:13.537282|26.4|27.6|944.5
2020-09-08 18:28:18.666108|26.4|27.2|944.5
2020-09-08 18:28:23.794668|26.4|27.6|944.4
2020-09-08 18:28:28.926295|26.4|27.7|944.4
2020-09-08 18:28:34.057872|26.4|28.2|944.4
2020-09-08 18:28:39.188899|26.4|27.8|944.5
2020-09-08 18:28:44.321971|26.4|27.4|944.4
2020-09-08 18:28:49.454948|26.4|27.2|944.4
2020-09-08 18:28:54.587324|26.4|27.5|944.5
2020-09-08 18:28:59.720088|26.4|27.3|944.4
2020-09-08 18:29:04.852566|26.4|27.4|944.4
2020-09-08 18:29:09.985963|26.4|27.6|944.5
2020-09-08 18:29:15.118868|26.3|27.8|944.4
2020-09-08 18:29:20.255488|26.4|27.7|944.5
2020-09-08 18:29:25.384004|26.4|27.6|944.5
2020-09-08 18:29:30.512983|26.4|27.8|944.4
2020-09-08 18:29:35.641725|26.3|27.7|944.4
2020-09-08 18:29:40.770231|26.3|27.6|944.5
2020-09-08 18:29:45.902348|26.3|27.6|944.4
2020-09-08 18:29:51.038951|26.3|27.6|944.4
2020-09-08 18:29:56.177431|26.3|27.6|944.5
2020-09-08 18:30:01.309974|26.3|27.2|944.4
2020-09-08 18:30:06.441554|26.3|27.5|944.4
2020-09-08 18:30:11.571029|26.4|27.5|944.5
2020-09-08 18:30:16.699824|26.3|27.4|944.5
2020-09-08 18:30:21.828352|26.3|27.3|944.5
2020-09-08 18:30:26.960442|26.4|27.6|944.5
2020-09-08 18:30:32.095799|26.3|27.8|944.5
2020-09-08 18:30:37.236987|26.3|28.0|944.4
2020-09-08 18:30:42.369053|26.3|27.8|944.5
2020-09-08 18:30:47.501172|26.3|28.1|944.5
2020-09-08 18:30:52.630486|26.3|27.7|944.5
2020-09-08 18:30:57.759087|26.3|27.7|944.4
2020-09-08 18:31:02.890497|26.3|27.6|944.5
2020-09-08 18:31:08.025641|26.3|27.6|944.5
2020-09-08 18:31:13.166368|26.3|27.6|944.4
2020-09-08 18:31:18.302001|26.3|27.7|944.4
2020-09-08 18:31:23.437355|26.3|27.5|944.5
2020-09-08 18:31:28.572429|26.3|27.3|944.5
2020-09-08 18:31:33.704328|26.3|27.6|944.5
2020-09-08 18:31:38.835048|26.3|27.5|944.5
2020-09-08 18:31:43.969777|26.3|27.6|944.5
2020-09-08 18:31:49.104179|26.3|27.7|944.5
2020-09-08 18:31:54.238864|26.3|27.5|944.5
2020-09-08 18:31:59.373354|26.4|29.6|944.5
2020-09-08 18:32:15.371777|26.4|29.5|944.4
2020-09-08 18:33:15.555405|26.4|28.0|944.5
2020-09-08 18:34:15.739366|26.3|27.8|944.5
2020-09-08 18:35:15.879835|26.3|27.5|944.5
2020-09-08 18:36:16.068305|26.3|27.3|944.5
2020-09-08 18:37:16.258818|26.3|28.0|944.5
2020-09-08 18:38:16.438812|26.3|27.6|944.5
2020-09-08 18:39:16.579807|26.3|27.8|944.4
2020-09-08 18:40:16.729697|26.3|27.6|944.5
2020-09-08 18:41:16.918384|26.3|27.7|944.5
2020-09-08 18:42:17.080615|26.3|27.5|944.5
2020-09-08 18:43:17.271823|26.3|27.7|944.5
2020-09-08 18:44:17.458860|26.3|27.8|944.4
2020-09-08 18:45:17.596422|26.3|27.9|944.5
2020-09-08 18:46:17.780490|26.4|28.0|944.5
2020-09-08 18:47:17.963385|26.4|28.5|944.5
2020-09-08 18:48:18.148859|26.4|28.5|944.5
2020-09-08 18:49:18.337724|26.4|28.6|944.5
2020-09-08 18:50:18.527990|26.4|28.6|944.5
2020-09-08 18:51:18.710780|26.4|28.7|944.5
2020-09-08 18:52:18.893566|26.4|28.5|944.5
2020-09-08 18:53:19.080483|26.4|28.6|944.5
2020-09-08 18:54:19.269246|26.4|28.5|944.5
2020-09-08 18:55:19.452002|26.4|28.6|944.5
2020-09-08 18:56:19.634789|26.4|28.7|944.5
2020-09-08 18:57:19.758805|26.4|29.0|944.5
2020-09-08 18:58:19.949334|26.4|28.7|944.5
2020-09-08 18:59:20.128806|26.4|29.0|944.5
2020-09-08 19:00:20.308803|26.3|29.1|944.5
2020-09-08 19:01:20.491694|26.3|29.1|944.5
2020-09-08 19:02:20.674605|26.3|29.3|944.5
2020-09-08 19:03:20.857397|26.4|29.2|944.5
2020-09-08 19:04:21.045606|26.3|29.7|944.5
2020-09-08 19:05:21.228951|26.3|29.6|944.5
2020-09-08 19:06:21.413705|26.3|29.8|944.5
2020-09-08 19:07:21.596529|26.3|29.8|944.5
2020-09-08 19:08:21.784805|26.3|29.9|944.5
2020-09-08 19:09:21.967487|26.3|30.0|944.5
2020-09-08 19:10:22.158843|26.3|30.0|944.5
2020-09-08 19:11:22.342627|26.3|30.0|944.5
2020-09-08 19:12:22.525443|26.3|30.2|944.5
2020-09-08 19:13:22.708274|26.4|30.3|944.5
2020-09-08 19:14:22.891387|26.4|30.3|944.5
2020-09-08 19:15:23.079384|26.3|30.3|944.5
2020-09-08 19:16:23.268807|26.3|30.3|944.6
2020-09-08 19:17:23.451523|26.3|30.4|944.5
2020-09-08 19:18:23.627823|26.3|30.6|944.5
2020-09-08 19:19:23.778808|26.3|30.5|944.5
2020-09-08 19:20:23.961645|26.3|30.8|944.6
2020-09-08 19:21:24.148931|26.3|30.9|944.6
2020-09-08 19:22:24.342298|26.3|30.8|944.6
2020-09-08 19:23:24.525162|26.3|31.1|944.6
2020-09-08 19:24:24.707965|26.3|31.0|944.6
2020-09-08 19:25:24.868800|26.3|31.3|944.6
2020-09-08 19:26:25.056178|26.3|31.2|944.6
2020-09-08 19:27:25.238833|26.3|31.1|944.7
2020-09-08 19:28:25.421359|26.3|31.3|944.7
2020-09-08 19:29:25.604166|26.3|31.2|944.6
2020-09-08 19:30:25.765587|26.3|31.4|944.6
2020-09-08 19:31:25.938802|26.3|31.3|944.6
2020-09-08 19:32:26.128922|26.3|31.2|944.6
2020-09-08 19:33:26.308817|26.3|31.3|944.6
2020-09-08 19:34:26.488875|26.3|31.5|944.7
2020-09-08 19:35:26.672631|26.3|31.3|944.6
2020-09-08 19:36:26.855314|26.3|31.5|944.6
2020-09-08 19:37:27.039801|26.2|31.5|944.6
2020-09-08 19:38:27.228920|26.2|31.5|944.6
2020-09-08 19:39:27.413977|26.2|31.6|944.6
2020-09-08 19:40:27.596681|26.2|31.6|944.7
2020-09-08 19:41:27.779302|26.2|31.6|944.6
2020-09-08 19:42:27.962047|26.2|31.5|944.6
2020-09-08 19:43:28.096366|26.2|31.6|944.6
2020-09-08 19:44:28.291096|26.2|31.5|944.7
2020-09-08 19:45:28.438853|26.2|31.4|944.7
2020-09-08 19:46:28.578852|26.2|31.5|944.7
2020-09-08 19:47:28.718800|26.2|31.5|944.7
2020-09-08 19:48:28.898799|26.2|31.8|944.7
2020-09-08 19:49:29.086710|26.2|31.7|944.7
2020-09-08 19:50:29.278803|26.2|31.7|944.7
2020-09-08 19:51:29.461688|26.2|31.6|944.7
2020-09-08 19:52:29.650454|26.2|31.7|944.7
2020-09-08 19:53:29.838901|26.2|31.8|944.7
2020-09-08 19:54:30.028101|26.2|31.7|944.7
2020-09-08 19:55:30.208986|26.2|31.9|944.7
2020-09-08 19:56:30.392243|26.2|31.7|944.7
2020-09-08 19:57:30.575146|26.2|31.7|944.7
2020-09-08 19:58:30.763672|26.2|31.7|944.7
2020-09-08 19:59:30.946574|26.2|31.7|944.7
2020-09-08 20:00:31.082065|26.2|31.7|944.7
2020-09-08 20:01:31.268813|26.2|31.6|944.7
2020-09-08 20:02:31.455401|26.2|31.5|944.7
2020-09-08 20:03:31.608810|26.2|31.5|944.7
2020-09-08 20:04:31.778805|26.2|31.5|944.7
2020-09-08 20:05:31.961632|26.2|31.5|944.7
2020-09-08 20:06:32.148917|26.2|31.4|944.7
2020-09-08 20:07:32.336927|26.2|31.3|944.7
2020-09-08 20:08:32.520396|26.2|31.3|944.7
2020-09-08 20:09:32.703193|26.2|31.3|944.7
2020-09-08 20:10:32.886073|26.2|31.8|944.7
2020-09-08 20:11:33.068810|26.2|33.1|944.7
2020-09-08 20:12:33.248816|26.2|31.9|944.7
2020-09-08 20:13:33.440516|26.2|31.7|944.7
2020-09-08 20:14:33.629074|26.2|31.6|944.8
2020-09-08 20:15:33.778807|26.2|31.5|944.8
2020-09-08 20:16:33.961615|26.2|31.6|944.7
2020-09-08 20:17:34.127534|26.2|31.5|944.8
2020-09-08 20:18:34.319132|26.2|31.5|944.8
2020-09-08 20:19:34.502051|26.2|31.5|944.8
2020-09-08 20:20:34.690619|26.3|31.6|944.8
2020-09-08 20:21:34.873467|26.3|31.3|944.8
2020-09-08 20:22:35.061211|26.3|31.5|944.8
2020-09-08 20:23:35.248828|26.3|31.4|944.8
2020-09-08 20:24:35.438418|26.3|31.5|944.9
2020-09-08 20:25:35.621159|26.3|31.6|944.9
2020-09-08 20:26:35.803985|26.3|31.6|944.9
2020-09-08 20:27:35.992999|26.3|31.6|944.9
2020-09-08 20:28:36.178857|26.3|31.6|944.9
2020-09-08 20:29:36.358828|26.3|31.6|944.9
2020-09-08 20:30:36.547674|26.3|31.7|944.9
2020-09-08 20:31:36.730839|26.3|31.7|944.9
2020-09-08 20:32:36.858850|26.3|31.7|944.9
2020-09-08 20:33:37.019980|26.3|31.7|944.9
2020-09-08 20:34:37.208913|26.3|31.6|944.9
2020-09-08 20:35:37.392834|26.4|31.7|944.9
2020-09-08 20:36:37.575603|26.4|31.6|945.0
2020-09-08 20:37:37.756853|26.4|31.7|944.9
2020-09-08 20:38:37.939649|26.4|31.7|945.0
2020-09-08 20:39:38.128865|26.4|31.9|945.0
2020-09-08 20:40:38.320934|26.4|31.7|945.0
2020-09-08 20:41:38.503851|26.4|31.6|945.0
2020-09-08 20:42:38.686571|26.4|31.7|945.0
2020-09-08 20:43:38.869340|26.4|31.8|945.0
2020-09-08 20:44:39.057750|26.4|31.8|945.0
2020-09-08 20:45:39.238860|26.4|31.7|945.0
2020-09-08 20:46:39.415319|26.4|31.9|945.1
2020-09-08 20:47:39.548856|26.4|31.8|945.1
2020-09-08 20:48:39.737242|26.4|31.6|945.1
2020-09-08 20:49:39.920010|26.4|31.9|945.1
2020-09-08 20:50:40.109156|26.4|31.8|945.1
2020-09-08 20:51:40.301676|26.4|31.7|945.1
2020-09-08 20:52:40.490845|26.4|31.8|945.1
2020-09-08 20:53:40.673619|26.4|31.9|945.2
2020-09-08 20:54:40.856415|26.4|31.7|945.2
2020-09-08 20:55:41.047031|26.4|31.9|945.1
2020-09-08 20:56:41.238800|26.4|32.1|945.1
2020-09-08 20:57:41.378821|26.4|31.8|945.1
2020-09-08 20:58:41.538805|26.4|31.9|945.1
2020-09-08 20:59:41.698810|26.4|32.0|945.1
2020-09-08 21:00:41.881633|26.4|31.8|945.2
2020-09-08 21:01:42.070759|26.4|31.8|945.1
2020-09-08 21:02:42.258794|26.4|31.9|945.1
2020-09-08 21:03:42.418806|26.4|31.9|945.2
2020-09-08 21:04:42.601647|26.4|31.9|945.1
2020-09-08 21:05:42.791821|26.4|31.8|945.1
2020-09-08 21:06:42.918802|26.4|31.7|945.2
2020-09-08 21:07:43.080579|26.4|31.6|945.1
2020-09-08 21:08:43.268828|26.4|31.9|945.2
2020-09-08 21:09:43.458802|26.4|31.8|945.2
2020-09-08 21:10:43.647354|26.4|31.9|945.2
2020-09-08 21:11:43.830233|26.4|31.9|945.2
2020-09-08 21:12:44.016832|26.3|32.0|945.2
2020-09-08 21:13:44.198838|26.3|32.0|945.2
2020-09-08 21:14:44.383305|26.3|32.1|945.2
2020-09-08 21:15:44.518801|26.3|32.0|945.3
2020-09-08 21:16:44.701552|26.3|32.1|945.2
2020-09-08 21:17:44.884384|26.3|32.1|945.2
2020-09-08 21:18:45.070745|26.3|32.2|945.2
2020-09-08 21:19:45.258848|26.3|32.0|945.3
2020-09-08 21:20:45.445194|26.3|32.3|945.3
2020-09-08 21:21:45.628113|26.3|32.3|945.3
2020-09-08 21:22:45.810897|26.3|32.3|945.3
2020-09-08 21:23:45.993757|26.3|32.4|945.3
2020-09-08 21:24:46.178847|26.3|32.2|945.3
2020-09-08 21:25:46.365219|26.3|32.2|945.3
2020-09-08 21:26:46.548066|26.3|32.5|945.3
2020-09-08 21:27:46.737927|26.3|32.5|945.3
2020-09-08 21:28:46.920743|26.2|32.5|945.3
2020-09-08 21:29:47.109326|26.2|32.5|945.3
2020-09-08 21:30:47.298806|26.2|32.6|945.3
2020-09-08 21:31:47.481604|26.2|32.6|945.3
2020-09-08 21:32:47.664464|26.2|32.5|945.4
2020-09-08 21:33:47.847212|26.2|32.5|945.4
2020-09-08 21:34:48.032480|26.2|32.5|945.4
2020-09-08 21:35:48.218862|26.2|32.4|945.4
2020-09-08 21:36:48.405800|26.2|32.4|945.4
2020-09-08 21:37:48.588594|26.2|32.7|945.4
2020-09-08 21:38:48.771399|26.2|32.6|945.4
2020-09-08 21:39:48.954196|26.2|32.7|945.4
2020-09-08 21:40:49.138878|26.2|32.6|945.4
2020-09-08 21:41:49.330315|26.3|32.8|945.4
2020-09-08 21:42:49.471133|26.3|32.8|945.4
2020-09-08 21:43:49.656976|26.3|32.8|945.5
2020-09-08 21:44:49.838803|26.3|32.9|945.5
2020-09-08 21:45:50.018847|26.3|32.8|945.5
2020-09-08 21:47:50.088495|26.3|32.7|945.5
2020-09-08 21:47:55.217082|26.3|32.9|945.5
2020-09-08 21:48:00.345756|26.3|32.9|945.5
2020-09-08 21:49:00.403207|26.4|32.8|945.5
2020-09-08 21:49:06.031501|26.4|32.8|945.5
2020-09-08 21:49:11.667713|26.4|32.8|945.5
2020-09-08 21:49:17.298831|26.4|33.1|945.5
2020-09-08 21:49:22.929344|26.4|32.7|945.5
2020-09-08 21:49:28.563131|26.4|32.8|945.5
2020-09-08 21:49:34.189029|26.4|33.0|945.5
2020-09-08 21:49:39.821631|26.4|32.7|945.5
2020-09-08 21:49:45.453546|26.4|32.6|945.5
2020-09-08 21:49:51.081931|26.4|32.9|945.5
2020-09-08 21:49:56.715786|26.4|32.7|945.5
2020-09-08 21:50:02.344014|26.4|32.6|945.5
2020-09-08 21:50:07.973188|26.4|32.5|945.5
2020-09-08 21:50:13.608807|26.5|32.7|945.5
2020-09-08 21:50:19.240641|26.5|32.7|945.5
2020-09-08 21:50:24.872223|26.5|32.7|945.5
2020-09-08 21:50:30.503290|26.5|32.6|945.5
2020-09-08 21:50:36.128813|26.5|32.7|945.5
2020-09-08 21:50:42.472263|26.5|32.5|945.5
2020-09-08 21:50:47.600597|26.5|32.6|945.5
2020-09-08 21:50:52.735637|26.5|32.6|945.5
2020-09-08 21:52:38.376529|26.6|32.4|945.5
2020-09-08 21:52:43.505316|26.6|32.5|945.5
2020-09-08 21:52:48.634389|26.6|32.5|945.5
2020-09-08 21:52:53.767124|26.6|32.5|945.5
2020-09-08 21:52:58.896222|26.6|32.5|945.4
2020-09-08 21:53:04.030948|26.6|32.6|945.5
2020-09-08 21:53:09.166418|26.6|32.7|945.5
2020-09-08 21:53:14.300692|26.6|32.5|945.5
2020-09-08 21:53:19.429859|26.6|32.5|945.5
2020-09-08 21:53:25.264141|26.6|32.5|945.5
2020-09-08 21:53:30.394762|26.6|32.6|945.5
2020-09-08 21:53:35.523551|26.6|32.4|945.5
2020-09-08 21:53:40.652262|26.6|32.4|945.5
2020-09-08 21:53:45.786682|26.6|32.9|945.5
2020-09-08 21:53:50.915675|26.6|32.5|945.5
2020-09-08 21:53:56.048904|26.6|32.5|945.5
2020-09-08 21:54:31.897147|26.6|32.5|945.5
2020-09-08 21:55:32.062124|26.6|32.4|945.5
2020-09-08 21:56:32.243030|26.7|32.5|945.5
2020-09-08 21:57:32.427091|26.7|32.5|945.5
2020-09-08 21:58:32.583742|26.7|32.4|945.6
2020-09-08 21:59:32.764457|26.7|34.0|945.5
2020-09-08 22:00:32.951648|26.7|32.4|945.5
2020-09-08 22:01:33.137140|26.6|32.3|945.6
2020-09-08 22:02:33.308835|26.6|32.1|945.6
2020-09-08 22:03:33.478052|26.6|32.5|945.6
2020-09-09 08:39:55.325332|23.9|31.7|947.0
2020-09-09 08:40:55.507660|24.0|31.2|947.0
2020-09-09 08:41:55.688030|24.0|31.5|947.0
2020-09-09 08:42:55.861001|24.0|31.4|947.0
2020-09-09 08:43:56.043599|24.0|31.2|946.9
2020-09-09 08:44:56.233649|24.0|31.4|946.9
2020-09-09 08:45:56.429005|24.0|31.2|947.0
2020-09-09 08:53:48.626252|24.3|30.6|947.0
2020-09-09 08:54:48.812481|24.3|30.9|947.0
2020-09-09 08:55:49.002100|24.4|34.0|947.0
2020-09-09 08:56:49.189391|24.4|31.4|947.1
2020-09-09 08:57:49.378235|24.4|30.8|947.1
2020-09-09 08:58:49.561942|24.5|30.7|947.1
2020-09-09 08:59:49.738191|24.5|31.7|947.1
2020-09-09 09:00:49.921231|24.5|30.8|947.1
2020-09-09 09:01:50.104300|24.5|31.6|947.1
2020-09-09 09:09:13.056346|24.7|30.3|947.1
2020-09-09 09:09:35.543825|24.7|30.5|947.1
2020-09-09 09:09:45.678858|24.7|30.4|947.1
2020-09-09 09:09:55.813551|24.7|30.0|947.2
2020-09-09 09:10:05.946504|24.7|30.1|947.1
2020-09-09 09:10:16.076968|24.7|30.5|947.1
2020-09-09 09:10:26.209872|24.7|32.7|947.1
2020-09-09 09:10:36.342829|24.7|30.9|947.1
2020-09-09 09:10:46.479814|24.7|30.2|947.1
2020-09-09 09:10:56.612251|24.7|30.6|947.1
2020-09-09 09:11:06.752138|24.7|30.5|947.1
2020-09-09 09:11:16.885061|24.7|30.5|947.1
2020-09-09 09:11:27.017986|24.7|30.4|947.1
2020-09-09 09:11:37.150915|24.7|30.2|947.1
2020-09-09 09:11:47.289624|24.7|30.4|947.1
2020-09-09 09:11:57.424908|24.7|30.4|947.1
2020-09-09 09:12:07.565631|24.7|30.4|947.1
2020-09-09 09:12:17.702222|24.7|30.5|947.1
2020-09-09 09:12:27.835550|24.7|30.4|947.1
2020-09-09 09:12:37.974999|24.7|30.3|947.1
2020-09-09 09:12:48.113761|24.7|30.4|947.1
2020-09-09 09:12:58.251709|24.7|30.4|947.1
2020-09-09 09:13:08.390474|24.7|30.3|947.1
2020-09-09 09:13:18.529316|24.7|31.8|947.1
2020-09-09 09:13:28.663584|24.7|33.9|947.1
2020-09-09 09:13:38.799504|24.7|32.0|947.1
2020-09-09 09:13:48.932393|24.7|30.8|947.1
2020-09-09 09:13:59.065404|24.7|30.6|947.1
2020-09-09 09:14:09.198710|24.7|30.6|947.1
2020-09-09 09:14:19.331637|24.7|30.6|947.1
2020-09-09 09:19:23.654739|24.7|30.5|947.1
2020-09-09 09:19:33.791111|24.7|30.6|947.1
